<?xml version="1.0" encoding="UTF-8"?>
<!-- Generated by org.testng.reporters.JUnitReportReporter -->
<testsuite skipped="0" hostname="LAPTOP-8PV5OBQH" name="tests.TwoTest" tests="1" failures="0" timestamp="2021-11-12T11:00:30 IST" time="14.589" errors="0">
  <testcase name="TwoTest" time="14.589" classname="tests.TwoTest"/>
  <system-out/>
</testsuite> <!-- tests.TwoTest -->
