<?xml version="1.0" encoding="UTF-8"?>
<!-- Generated by org.testng.reporters.JUnitReportReporter -->
<testsuite skipped="0" hostname="LAPTOP-8PV5OBQH" name="tests.ThreeTest" tests="1" failures="0" timestamp="2021-11-12T11:00:30 IST" time="11.093" errors="0">
  <testcase name="ThreeTest" time="11.093" classname="tests.ThreeTest"/>
  <system-out/>
</testsuite> <!-- tests.ThreeTest -->
