<?xml version="1.0" encoding="UTF-8"?>
<!-- Generated by org.testng.reporters.JUnitReportReporter -->
<testsuite skipped="0" hostname="LAPTOP-8PV5OBQH" name="tests.LoginTest" tests="3" failures="0" timestamp="2021-11-12T11:00:30 IST" time="39.043" errors="0">
  <testcase name="LoginTest" time="4.470" classname="tests.LoginTest"/>
  <system-out/>
  <testcase name="LoginTest" time="14.328" classname="tests.LoginTest"/>
  <system-out/>
  <testcase name="LoginTest" time="20.245" classname="tests.LoginTest"/>
  <system-out/>
</testsuite> <!-- tests.LoginTest -->
