<?xml version="1.0" encoding="UTF-8"?>
<!-- Generated by org.testng.reporters.JUnitReportReporter -->
<testsuite skipped="0" hostname="LAPTOP-8PV5OBQH" name="runner.Runner" tests="1" failures="0" timestamp="2021-11-12T13:10:57 IST" time="12.508" errors="0">
  <testcase name="runScenario" time="12.508" classname="runner.Runner"/>
  <system-out/>
</testsuite> <!-- runner.Runner -->
