<?xml version="1.0" encoding="UTF-8"?>
<!-- Generated by org.testng.reporters.JUnitReportReporter -->
<testsuite skipped="0" hostname="LAPTOP-8PV5OBQH" name="tests.FourTest" tests="1" failures="0" timestamp="2021-11-11T13:28:21 IST" time="0.005" errors="0">
  <testcase name="FourTest" time="0.005" classname="tests.FourTest"/>
  <system-out/>
</testsuite> <!-- tests.FourTest -->
