<?xml version="1.0" encoding="UTF-8"?>
<!-- Generated by org.testng.reporters.JUnitReportReporter -->
<testsuite skipped="0" hostname="LAPTOP-8PV5OBQH" name="tests.LoginTest" tests="2" failures="0" timestamp="2021-11-11T13:28:21 IST" time="23.991" errors="0">
  <testcase name="LoginTest" time="7.457" classname="tests.LoginTest"/>
  <system-out/>
  <testcase name="LoginTest" time="16.534" classname="tests.LoginTest"/>
  <system-out/>
</testsuite> <!-- tests.LoginTest -->
